#
# There is insufficient memory for the Java Runtime Environment to continue.
# Native memory allocation (mmap) failed to map 268435456 bytes for G1 virtual space
# Possible reasons:
#   The system is out of physical RAM or swap space
#   The process is running with CompressedOops enabled, and the Java Heap may be blocking the growth of the native heap
# Possible solutions:
#   Reduce memory load on the system
#   Increase physical memory or swap space
#   Check if swap backing store is full
#   Decrease Java heap size (-Xmx/-Xms)
#   Decrease number of Java threads
#   Decrease Java thread stack sizes (-Xss)
#   Set larger code cache with -XX:ReservedCodeCacheSize=
#   JVM is running with Zero Based Compressed Oops mode in which the Java heap is
#     placed in the first 32GB address space. The Java Heap base address is the
#     maximum limit for the native heap growth. Please use -XX:HeapBaseMinAddress
#     to set the Java Heap base and to place the Java Heap above 32GB virtual address.
# This output file may be truncated or incomplete.
#
#  Out of Memory Error (os_windows.cpp:3769), pid=14420, tid=11212
#
# JRE version:  (17.0.6+10) (build )
# Java VM: OpenJDK 64-Bit Server VM (17.0.6+10-b829.5, mixed mode, sharing, tiered, compressed oops, compressed class ptrs, g1 gc, windows-amd64)
# No core dump will be written. Minidumps are not enabled by default on client versions of Windows
#

---------------  S U M M A R Y ------------

Command Line: git4idea.http.GitAskPassApp Username for 'https://github.com': 

Host: Intel(R) Core(TM) i5-7500 CPU @ 3.40GHz, 4 cores, 15G,  Windows 10 , 64 bit Build 19041 (10.0.19041.3570)
Time: Tue Nov 14 18:57:40 2023 Jerusalem Standard Time elapsed time: 0.014192 seconds (0d 0h 0m 0s)

---------------  T H R E A D  ---------------

Current thread (0x000002625f13cdd0):  JavaThread "Unknown thread" [_thread_in_vm, id=11212, stack(0x000000d1fb900000,0x000000d1fba00000)]

Stack: [0x000000d1fb900000,0x000000d1fba00000]
Native frames: (J=compiled Java code, j=interpreted, Vv=VM code, C=native code)
V  [jvm.dll+0x683b4a]
V  [jvm.dll+0x842654]
V  [jvm.dll+0x843dfe]
V  [jvm.dll+0x844463]
V  [jvm.dll+0x249b75]
V  [jvm.dll+0x680a19]
V  [jvm.dll+0x674f0a]
V  [jvm.dll+0x309acb]
V  [jvm.dll+0x310f86]
V  [jvm.dll+0x3608ee]
V  [jvm.dll+0x360b1f]
V  [jvm.dll+0x2dfbf8]
V  [jvm.dll+0x2e0b64]
V  [jvm.dll+0x813f41]
V  [jvm.dll+0x36e6a1]
V  [jvm.dll+0x7f347c]
V  [jvm.dll+0x3f0e8f]
V  [jvm.dll+0x3f29d1]
C  [jli.dll+0x526b]
C  [ucrtbase.dll+0x21bb2]
C  [KERNEL32.DLL+0x17344]
C  [ntdll.dll+0x526b1]


---------------  P R O C E S S  ---------------

Threads class SMR info:
_java_thread_list=0x00007ffd0b9ac058, length=0, elements={
}

Java Threads: ( => current thread )

Other Threads:
  0x000002625f1a7390 GCTaskThread "GC Thread#0" [stack: 0x000000d1fba00000,0x000000d1fbb00000] [id=11376]
  0x000002625f1b81a0 ConcurrentGCThread "G1 Main Marker" [stack: 0x000000d1fbb00000,0x000000d1fbc00000] [id=13376]
  0x000002625f1b8bb0 ConcurrentGCThread "G1 Conc#0" [stack: 0x000000d1fbc00000,0x000000d1fbd00000] [id=4312]

[error occurred during error reporting (printing all threads), id 0xc0000005, EXCEPTION_ACCESS_VIOLATION (0xc0000005) at pc=0x00007ffd0b160797]

VM state: not at safepoint (not fully initialized)

VM Mutex/Monitor currently owned by a thread:  ([mutex/lock_event])
[0x000002625f1374b0] Heap_lock - owner thread: 0x000002625f13cdd0

Heap address: 0x0000000701200000, size: 4078 MB, Compressed Oops mode: Zero based, Oop shift amount: 3

CDS archive(s) mapped at: [0x0000000000000000-0x0000000000000000-0x0000000000000000), size 0, SharedBaseAddress: 0x0000000800000000, ArchiveRelocationMode: 0.
Narrow klass base: 0x0000000000000000, Narrow klass shift: 0, Narrow klass range: 0x0

GC Precious Log:
<Empty>

Heap:
 garbage-first heap   total 0K, used 0K [0x0000000701200000, 0x0000000800000000)
  region size 2048K, 0 young (0K), 0 survivors (0K)

[error occurred during error reporting (printing heap information), id 0xc0000005, EXCEPTION_ACCESS_VIOLATION (0xc0000005) at pc=0x00007ffd0b54d939]

GC Heap History (0 events):
No events

Dll operation events (1 events):
Event: 0.008 Loaded shared library C:\Program Files\JetBrains\IntelliJ IDEA Community Edition 2023.1\jbr\bin\java.dll

Deoptimization events (0 events):
No events

Classes unloaded (0 events):
No events

Classes redefined (0 events):
No events

Internal exceptions (0 events):
No events

VM Operations (0 events):
No events

Events (0 events):
No events


Dynamic libraries:
0x00007ff72fa00000 - 0x00007ff72fa0a000 	C:\Program Files\JetBrains\IntelliJ IDEA Community Edition 2023.1\jbr\bin\java.exe
0x00007ffd6e3f0000 - 0x00007ffd6e5e7000 	C:\WINDOWS\SYSTEM32\ntdll.dll
0x00007ffd6ca00000 - 0x00007ffd6cabd000 	C:\WINDOWS\System32\KERNEL32.DLL
0x00007ffd6bcb0000 - 0x00007ffd6bfa6000 	C:\WINDOWS\System32\KERNELBASE.dll
0x00007ffd6c0b0000 - 0x00007ffd6c1b0000 	C:\WINDOWS\System32\ucrtbase.dll
0x00007ffd36680000 - 0x00007ffd3669b000 	C:\Program Files\JetBrains\IntelliJ IDEA Community Edition 2023.1\jbr\bin\VCRUNTIME140.dll
0x00007ffd52fd0000 - 0x00007ffd52fe7000 	C:\Program Files\JetBrains\IntelliJ IDEA Community Edition 2023.1\jbr\bin\jli.dll
0x00007ffd6d980000 - 0x00007ffd6db1e000 	C:\WINDOWS\System32\USER32.dll
0x00007ffd6bc80000 - 0x00007ffd6bca2000 	C:\WINDOWS\System32\win32u.dll
0x00007ffd568a0000 - 0x00007ffd56b3a000 	C:\WINDOWS\WinSxS\amd64_microsoft.windows.common-controls_6595b64144ccf1df_6.0.19041.3570_none_60bb2a3971f3e41a\COMCTL32.dll
0x00007ffd6e310000 - 0x00007ffd6e33c000 	C:\WINDOWS\System32\GDI32.dll
0x00007ffd6c1b0000 - 0x00007ffd6c2ca000 	C:\WINDOWS\System32\gdi32full.dll
0x00007ffd6c380000 - 0x00007ffd6c41d000 	C:\WINDOWS\System32\msvcp_win.dll
0x00007ffd6d4c0000 - 0x00007ffd6d55e000 	C:\WINDOWS\System32\msvcrt.dll
0x00007ffd6d950000 - 0x00007ffd6d980000 	C:\WINDOWS\System32\IMM32.DLL
0x00007ffd69060000 - 0x00007ffd6906c000 	C:\Program Files\JetBrains\IntelliJ IDEA Community Edition 2023.1\jbr\bin\vcruntime140_1.dll
0x00007ffd36210000 - 0x00007ffd3629d000 	C:\Program Files\JetBrains\IntelliJ IDEA Community Edition 2023.1\jbr\bin\msvcp140.dll
0x00007ffd0ae70000 - 0x00007ffd0badd000 	C:\Program Files\JetBrains\IntelliJ IDEA Community Edition 2023.1\jbr\bin\server\jvm.dll
0x00007ffd6d710000 - 0x00007ffd6d7be000 	C:\WINDOWS\System32\ADVAPI32.dll
0x00007ffd6dc90000 - 0x00007ffd6dd2c000 	C:\WINDOWS\System32\sechost.dll
0x00007ffd6cb20000 - 0x00007ffd6cc46000 	C:\WINDOWS\System32\RPCRT4.dll
0x00007ffd52450000 - 0x00007ffd52459000 	C:\WINDOWS\SYSTEM32\WSOCK32.dll
0x00007ffd65ea0000 - 0x00007ffd65eaa000 	C:\WINDOWS\SYSTEM32\VERSION.dll
0x00007ffd6e340000 - 0x00007ffd6e3ab000 	C:\WINDOWS\System32\WS2_32.dll
0x00007ffd5a780000 - 0x00007ffd5a7a7000 	C:\WINDOWS\SYSTEM32\WINMM.dll
0x00007ffd69990000 - 0x00007ffd699a2000 	C:\WINDOWS\SYSTEM32\kernel.appcore.dll
0x00007ffd68fa0000 - 0x00007ffd68faa000 	C:\Program Files\JetBrains\IntelliJ IDEA Community Edition 2023.1\jbr\bin\jimage.dll
0x00007ffd57400000 - 0x00007ffd575e4000 	C:\WINDOWS\SYSTEM32\DBGHELP.DLL
0x00007ffd50bc0000 - 0x00007ffd50bf4000 	C:\WINDOWS\SYSTEM32\dbgcore.DLL
0x00007ffd6bfb0000 - 0x00007ffd6c032000 	C:\WINDOWS\System32\bcryptPrimitives.dll
0x00007ffd54d80000 - 0x00007ffd54da5000 	C:\Program Files\JetBrains\IntelliJ IDEA Community Edition 2023.1\jbr\bin\java.dll

dbghelp: loaded successfully - version: 4.0.5 - missing functions: none
symbol engine: initialized successfully - sym options: 0x614 - pdb path: .;C:\Program Files\JetBrains\IntelliJ IDEA Community Edition 2023.1\jbr\bin;C:\WINDOWS\SYSTEM32;C:\WINDOWS\WinSxS\amd64_microsoft.windows.common-controls_6595b64144ccf1df_6.0.19041.3570_none_60bb2a3971f3e41a;C:\Program Files\JetBrains\IntelliJ IDEA Community Edition 2023.1\jbr\bin\server

VM Arguments:
java_command: git4idea.http.GitAskPassApp Username for 'https://github.com': 
java_class_path (initial): C:/Program Files/JetBrains/IntelliJ IDEA Community Edition 2023.1/plugins/vcs-git/lib/git4idea-rt.jar;C:/Program Files/JetBrains/IntelliJ IDEA Community Edition 2023.1/lib/externalProcess-rt.jar
Launcher Type: SUN_STANDARD

[Global flags]
     intx CICompilerCount                          = 3                                         {product} {ergonomic}
     uint ConcGCThreads                            = 1                                         {product} {ergonomic}
     uint G1ConcRefinementThreads                  = 4                                         {product} {ergonomic}
   size_t G1HeapRegionSize                         = 2097152                                   {product} {ergonomic}
    uintx GCDrainStackTargetSize                   = 64                                        {product} {ergonomic}
   size_t InitialHeapSize                          = 268435456                                 {product} {ergonomic}
   size_t MarkStackSize                            = 4194304                                   {product} {ergonomic}
   size_t MaxHeapSize                              = 4276092928                                {product} {ergonomic}
   size_t MinHeapDeltaBytes                        = 2097152                                   {product} {ergonomic}
   size_t MinHeapSize                              = 8388608                                   {product} {ergonomic}
    uintx NonNMethodCodeHeapSize                   = 5832780                                {pd product} {ergonomic}
    uintx NonProfiledCodeHeapSize                  = 122912730                              {pd product} {ergonomic}
    uintx ProfiledCodeHeapSize                     = 122912730                              {pd product} {ergonomic}
    uintx ReservedCodeCacheSize                    = 251658240                              {pd product} {ergonomic}
     bool SegmentedCodeCache                       = true                                      {product} {ergonomic}
   size_t SoftMaxHeapSize                          = 4276092928                             {manageable} {ergonomic}
     bool UseCompressedClassPointers               = true                           {product lp64_product} {ergonomic}
     bool UseCompressedOops                        = true                           {product lp64_product} {ergonomic}
     bool UseG1GC                                  = true                                      {product} {ergonomic}
     bool UseLargePagesIndividualAllocation        = false                                  {pd product} {ergonomic}

Logging:
Log output configuration:
 #0: stdout all=warning uptime,level,tags
 #1: stderr all=off uptime,level,tags

Environment Variables:
PATH=C:\Program Files\Git\mingw64\libexec\git-core;C:\Program Files\Git\mingw64\libexec\git-core;C:\Program Files\Git\mingw64\bin;C:\Program Files\Git\usr\bin;C:\Users\Home\bin;C:\Program Files\Common Files\Oracle\Java\javapath;C:\Program Files\Microsoft\jdk-11.0.16.101-hotspot\bin;C:\Windows\system32;C:\Windows;C:\Windows\System32\Wbem;C:\Windows\System32\WindowsPowerShell\v1.0;C:\Program Files (x86)\NVIDIA Corporation\PhysX\Common;C:\WINDOWS\system32;C:\WINDOWS;C:\WINDOWS\System32\Wbem;C:\WINDOWS\System32\WindowsPowerShell\v1.0;C:\WINDOWS\System32\OpenSSH;C:\Program Files\Git\cmd;C:\Program Files\Microsoft SQL Server\150\Tools\Binn;C:\Program Files\Microsoft SQL Server\Client SDK\ODBC\170\Tools\Binn;C:\Program Files\dotnet;C:\Program Files\apache-maven-3.9.1\bin;C:\Users\Home\AppData\Local\Microsoft\WindowsApps;C:\Users\Home\AppData\Local\Programs\Microsoft VS Code\bin;C:\Users\Home\.dotnet\tools
USERNAME=Home
DISPLAY=:0.0
LC_ALL=en_US.UTF-8
TERM=xterm-256color
TMPDIR=C:\Users\Home\AppData\Local\Temp
OS=Windows_NT
PROCESSOR_IDENTIFIER=Intel64 Family 6 Model 158 Stepping 9, GenuineIntel
TMP=C:\Users\Home\AppData\Local\Temp
TEMP=C:\Users\Home\AppData\Local\Temp



---------------  S Y S T E M  ---------------

OS:
 Windows 10 , 64 bit Build 19041 (10.0.19041.3570)
OS uptime: 2 days 3:44 hours

CPU: total 4 (initial active 4) (4 cores per cpu, 1 threads per core) family 6 model 158 stepping 9 microcode 0xb4, cx8, cmov, fxsr, mmx, 3dnowpref, sse, sse2, sse3, ssse3, sse4.1, sse4.2, popcnt, lzcnt, tsc, tscinvbit, avx, avx2, aes, erms, clmul, bmi1, bmi2, rtm, adx, fma, vzeroupper, clflush, clflushopt

Memory: 4k page, system-wide physical 16311M (4065M free)
TotalPageFile size 17335M (AvailPageFile size 6M)
current process WorkingSet (physical memory assigned to process): 10M, peak: 10M
current process commit charge ("private bytes"): 51M, peak: 307M

vm_info: OpenJDK 64-Bit Server VM (17.0.6+10-b829.5) for windows-amd64 JRE (17.0.6+10-b829.5), built on 2023-02-24 by "builduser" with MS VC++ 16.10 / 16.11 (VS2019)

END.
